<?xml version="1.0" encoding="UTF-8" ?>
<testsuite errors="6" failures="0" hostname="mini" name="QuickSortTest" tests="7" time="0.144" timestamp="2014-01-17T05:59:32">
  <properties>
[...]
</properties>
  <testcase classname="QuickSortTest" name="testRun[0]" time="0.013">
    <error message="5" type="java.lang.ArrayIndexOutOfBoundsException">java.lang.ArrayIndexOutOfBoundsException: 5
	at QuickSort.Partition(QuickSort.java:15)
	at QuickSort.Sort(QuickSort.java:53)
	at QuickSort.Sort(QuickSort.java:25)
	at QuickSortTest.testRun(QuickSortTest.java:30)
</error>
  </testcase>
  <testcase classname="QuickSortTest" name="testRun[1]" time="0.002">
    <error message="4" type="java.lang.ArrayIndexOutOfBoundsException">java.lang.ArrayIndexOutOfBoundsException: 4
	at QuickSort.Partition(QuickSort.java:15)
	at QuickSort.Sort(QuickSort.java:53)
	at QuickSort.Sort(QuickSort.java:25)
	at QuickSortTest.testRun(QuickSortTest.java:30)
</error>
  </testcase>
  <testcase classname="QuickSortTest" name="testRun[2]" time="0.003">
    <error message="3" type="java.lang.ArrayIndexOutOfBoundsException">java.lang.ArrayIndexOutOfBoundsException: 3
	at QuickSort.Partition(QuickSort.java:15)
	at QuickSort.Sort(QuickSort.java:53)
	at QuickSort.Sort(QuickSort.java:25)
	at QuickSortTest.testRun(QuickSortTest.java:30)
</error>
  </testcase>
  <testcase classname="QuickSortTest" name="testRun[3]" time="0.003">
    <error message="2" type="java.lang.ArrayIndexOutOfBoundsException">java.lang.ArrayIndexOutOfBoundsException: 2
	at QuickSort.Partition(QuickSort.java:15)
	at QuickSort.Sort(QuickSort.java:53)
	at QuickSort.Sort(QuickSort.java:25)
	at QuickSortTest.testRun(QuickSortTest.java:30)
</error>
  </testcase>
  <testcase classname="QuickSortTest" name="testRun[4]" time="0.005" />
  <testcase classname="QuickSortTest" name="testRun[5]" time="0.003">
    <error message="7" type="java.lang.ArrayIndexOutOfBoundsException">java.lang.ArrayIndexOutOfBoundsException: 7
	at QuickSort.Partition(QuickSort.java:15)
	at QuickSort.Sort(QuickSort.java:53)
	at QuickSort.Sort(QuickSort.java:25)
	at QuickSortTest.testRun(QuickSortTest.java:30)
</error>
  </testcase>
  <testcase classname="QuickSortTest" name="testRun[6]" time="0.037">
    <error type="java.lang.StackOverflowError">java.lang.StackOverflowError
	at QuickSort.Sort(QuickSort.java:51)
	at QuickSort.Sort(QuickSort.java:54)
	at QuickSort.Sort(QuickSort.java:54)
	at QuickSort.Sort(QuickSort.java:54)
	at QuickSort.Sort(QuickSort.java:54)
	at QuickSort.Sort(QuickSort.java:54)
	at QuickSort.Sort(QuickSort.java:54)
	at QuickSort.Sort(QuickSort.java:54)
	at QuickSort.Sort(QuickSort.java:54)
	at QuickSort.Sort(QuickSort.java:54)
	at QuickSort.Sort(QuickSort.java:54)
	at QuickSort.Sort(QuickSort.java:54)
	at QuickSort.Sort(QuickSort.java:54)
	at QuickSort.Sort(QuickSort.java:54)
	at QuickSort.Sort(QuickSort.java:54)
	at QuickSort.Sort(QuickSort.java:54)
	at QuickSort.Sort(QuickSort.java:54)
	at QuickSort.Sort(QuickSort.java:54)
	at QuickSort.Sort(QuickSort.java:54)
	at QuickSort.Sort(QuickSort.java:54)
	at QuickSort.Sort(QuickSort.java:54)
	at QuickSort.Sort(QuickSort.java:54)
	at QuickSort.Sort(QuickSort.java:54)
	at QuickSort.Sort(QuickSort.java:54)
	at QuickSort.Sort(QuickSort.java:54)
	at QuickSort.Sort(QuickSort.java:54)
	at QuickSort.Sort(QuickSort.java:54)
	at QuickSort.Sort(QuickSort.java:54)
	at QuickSort.Sort(QuickSort.java:54)
	at QuickSort.Sort(QuickSort.java:54)
	at QuickSort.Sort(QuickSort.java:54)
	at QuickSort.Sort(QuickSort.java:54)
	at QuickSort.Sort(QuickSort.java:54)
	at QuickSort.Sort(QuickSort.java:54)
	at QuickSort.Sort(QuickSort.java:54)
	at QuickSort.Sort(QuickSort.java:54)
	at QuickSort.Sort(QuickSort.java:54)
	at QuickSort.Sort(QuickSort.java:54)
	at QuickSort.Sort(QuickSort.java:54)
	at QuickSort.Sort(QuickSort.java:54)
	at QuickSort.Sort(QuickSort.java:54)
	at QuickSort.Sort(QuickSort.java:54)
	at QuickSort.Sort(QuickSort.java:54)
	at QuickSort.Sort(QuickSort.java:54)
	at QuickSort.Sort(QuickSort.java:54)
	at QuickSort.Sort(QuickSort.java:54)
	at QuickSort.Sort(QuickSort.java:54)
	at QuickSort.Sort(QuickSort.java:54)
	at QuickSort.Sort(QuickSort.java:54)
	at QuickSort.Sort(QuickSort.java:54)
	at QuickSort.Sort(QuickSort.java:54)
	at QuickSort.Sort(QuickSort.java:54)
	at QuickSort.Sort(QuickSort.java:54)
	at QuickSort.Sort(QuickSort.java:54)
	at QuickSort.Sort(QuickSort.java:54)
	at QuickSort.Sort(QuickSort.java:54)
	at QuickSort.Sort(QuickSort.java:54)
	at QuickSort.Sort(QuickSort.java:54)
	at QuickSort.Sort(QuickSort.java:54)
	at QuickSort.Sort(QuickSort.java:54)
	at QuickSort.Sort(QuickSort.java:54)
	at QuickSort.Sort(QuickSort.java:54)
	at QuickSort.Sort(QuickSort.java:54)
	at QuickSort.Sort(QuickSort.java:54)
	at QuickSort.Sort(QuickSort.java:54)
	at QuickSort.Sort(QuickSort.java:54)
	at QuickSort.Sort(QuickSort.java:54)
	at QuickSort.Sort(QuickSort.java:54)
	at QuickSort.Sort(QuickSort.java:54)
	at QuickSort.Sort(QuickSort.java:54)
	at QuickSort.Sort(QuickSort.java:54)
	at QuickSort.Sort(QuickSort.java:54)
	at QuickSort.Sort(QuickSort.java:54)
	at QuickSort.Sort(QuickSort.java:54)
	at QuickSort.Sort(QuickSort.java:54)
	at QuickSort.Sort(QuickSort.java:54)
	at QuickSort.Sort(QuickSort.java:54)
	at QuickSort.Sort(QuickSort.java:54)
	at QuickSort.Sort(QuickSort.java:54)
	at QuickSort.Sort(QuickSort.java:54)
	at QuickSort.Sort(QuickSort.java:54)
	at QuickSort.Sort(QuickSort.java:54)
	at QuickSort.Sort(QuickSort.java:54)
	at QuickSort.Sort(QuickSort.java:54)
	at QuickSort.Sort(QuickSort.java:54)
	at QuickSort.Sort(QuickSort.java:54)
	at QuickSort.Sort(QuickSort.java:54)
	at QuickSort.Sort(QuickSort.java:54)
	at QuickSort.Sort(QuickSort.java:54)
	at QuickSort.Sort(QuickSort.java:54)
	at QuickSort.Sort(QuickSort.java:54)
	at QuickSort.Sort(QuickSort.java:54)
	at QuickSort.Sort(QuickSort.java:54)
	at QuickSort.Sort(QuickSort.java:54)
	at QuickSort.Sort(QuickSort.java:54)
	at QuickSort.Sort(QuickSort.java:54)
	at QuickSort.Sort(QuickSort.java:54)
	at QuickSort.Sort(QuickSort.java:54)
	at QuickSort.Sort(QuickSort.java:54)
	at QuickSort.Sort(QuickSort.java:54)
	at QuickSort.Sort(QuickSort.java:54)
	at QuickSort.Sort(QuickSort.java:54)
	at QuickSort.Sort(QuickSort.java:54)
	at QuickSort.Sort(QuickSort.java:54)
	at QuickSort.Sort(QuickSort.java:54)
	at QuickSort.Sort(QuickSort.java:54)
	at QuickSort.Sort(QuickSort.java:54)
	at QuickSort.Sort(QuickSort.java:54)
	at QuickSort.Sort(QuickSort.java:54)
	at QuickSort.Sort(QuickSort.java:54)
	at QuickSort.Sort(QuickSort.java:54)
	at QuickSort.Sort(QuickSort.java:54)
	at QuickSort.Sort(QuickSort.java:54)
	at QuickSort.Sort(QuickSort.java:54)
	at QuickSort.Sort(QuickSort.java:54)
	at QuickSort.Sort(QuickSort.java:54)
	at QuickSort.Sort(QuickSort.java:54)
	at QuickSort.Sort(QuickSort.java:54)
	at QuickSort.Sort(QuickSort.java:54)
	at QuickSort.Sort(QuickSort.java:54)
	at QuickSort.Sort(QuickSort.java:54)
	at QuickSort.Sort(QuickSort.java:54)
	at QuickSort.Sort(QuickSort.java:54)
	at QuickSort.Sort(QuickSort.java:54)
	at QuickSort.Sort(QuickSort.java:54)
	at QuickSort.Sort(QuickSort.java:54)
	at QuickSort.Sort(QuickSort.java:54)
	at QuickSort.Sort(QuickSort.java:54)
	at QuickSort.Sort(QuickSort.java:54)
	at QuickSort.Sort(QuickSort.java:54)
	at QuickSort.Sort(QuickSort.java:54)
	at QuickSort.Sort(QuickSort.java:54)
	at QuickSort.Sort(QuickSort.java:54)
	at QuickSort.Sort(QuickSort.java:54)
	at QuickSort.Sort(QuickSort.java:54)
	at QuickSort.Sort(QuickSort.java:54)
	at QuickSort.Sort(QuickSort.java:54)
	at QuickSort.Sort(QuickSort.java:54)
	at QuickSort.Sort(QuickSort.java:54)
	at QuickSort.Sort(QuickSort.java:54)
	at QuickSort.Sort(QuickSort.java:54)
	at QuickSort.Sort(QuickSort.java:54)
	at QuickSort.Sort(QuickSort.java:54)
	at QuickSort.Sort(QuickSort.java:54)
	at QuickSort.Sort(QuickSort.java:54)
	at QuickSort.Sort(QuickSort.java:54)
	at QuickSort.Sort(QuickSort.java:54)
	at QuickSort.Sort(QuickSort.java:54)
	at QuickSort.Sort(QuickSort.java:54)
	at QuickSort.Sort(QuickSort.java:54)
	at QuickSort.Sort(QuickSort.java:54)
	at QuickSort.Sort(QuickSort.java:54)
	at QuickSort.Sort(QuickSort.java:54)
	at QuickSort.Sort(QuickSort.java:54)
	at QuickSort.Sort(QuickSort.java:54)
	at QuickSort.Sort(QuickSort.java:54)
	at QuickSort.Sort(QuickSort.java:54)
	at QuickSort.Sort(QuickSort.java:54)
	at QuickSort.Sort(QuickSort.java:54)
	at QuickSort.Sort(QuickSort.java:54)
	at QuickSort.Sort(QuickSort.java:54)
	at QuickSort.Sort(QuickSort.java:54)
	at QuickSort.Sort(QuickSort.java:54)
	at QuickSort.Sort(QuickSort.java:54)
	at QuickSort.Sort(QuickSort.java:54)
	at QuickSort.Sort(QuickSort.java:54)
	at QuickSort.Sort(QuickSort.java:54)
	at QuickSort.Sort(QuickSort.java:54)
	at QuickSort.Sort(QuickSort.java:54)
	at QuickSort.Sort(QuickSort.java:54)
	at QuickSort.Sort(QuickSort.java:54)
	at QuickSort.Sort(QuickSort.java:54)
	at QuickSort.Sort(QuickSort.java:54)
	at QuickSort.Sort(QuickSort.java:54)
	at QuickSort.Sort(QuickSort.java:54)
	at QuickSort.Sort(QuickSort.java:54)
	at QuickSort.Sort(QuickSort.java:54)
	at QuickSort.Sort(QuickSort.java:54)
	at QuickSort.Sort(QuickSort.java:54)
	at QuickSort.Sort(QuickSort.java:54)
	at QuickSort.Sort(QuickSort.java:54)
	at QuickSort.Sort(QuickSort.java:54)
	at QuickSort.Sort(QuickSort.java:54)
	at QuickSort.Sort(QuickSort.java:54)
	at QuickSort.Sort(QuickSort.java:54)
	at QuickSort.Sort(QuickSort.java:54)
	at QuickSort.Sort(QuickSort.java:54)
	at QuickSort.Sort(QuickSort.java:54)
	at QuickSort.Sort(QuickSort.java:54)
	at QuickSort.Sort(QuickSort.java:54)
	at QuickSort.Sort(QuickSort.java:54)
	at QuickSort.Sort(QuickSort.java:54)
	at QuickSort.Sort(QuickSort.java:54)
	at QuickSort.Sort(QuickSort.java:54)
	at QuickSort.Sort(QuickSort.java:54)
	at QuickSort.Sort(QuickSort.java:54)
	at QuickSort.Sort(QuickSort.java:54)
	at QuickSort.Sort(QuickSort.java:54)
	at QuickSort.Sort(QuickSort.java:54)
	at QuickSort.Sort(QuickSort.java:54)
	at QuickSort.Sort(QuickSort.java:54)
	at QuickSort.Sort(QuickSort.java:54)
	at QuickSort.Sort(QuickSort.java:54)
	at QuickSort.Sort(QuickSort.java:54)
	at QuickSort.Sort(QuickSort.java:54)
	at QuickSort.Sort(QuickSort.java:54)
	at QuickSort.Sort(QuickSort.java:54)
	at QuickSort.Sort(QuickSort.java:54)
	at QuickSort.Sort(QuickSort.java:54)
	at QuickSort.Sort(QuickSort.java:54)
	at QuickSort.Sort(QuickSort.java:54)
	at QuickSort.Sort(QuickSort.java:54)
	at QuickSort.Sort(QuickSort.java:54)
	at QuickSort.Sort(QuickSort.java:54)
	at QuickSort.Sort(QuickSort.java:54)
	at QuickSort.Sort(QuickSort.java:54)
	at QuickSort.Sort(QuickSort.java:54)
	at QuickSort.Sort(QuickSort.java:54)
	at QuickSort.Sort(QuickSort.java:54)
	at QuickSort.Sort(QuickSort.java:54)
	at QuickSort.Sort(QuickSort.java:54)
	at QuickSort.Sort(QuickSort.java:54)
	at QuickSort.Sort(QuickSort.java:54)
	at QuickSort.Sort(QuickSort.java:54)
	at QuickSort.Sort(QuickSort.java:54)
	at QuickSort.Sort(QuickSort.java:54)
	at QuickSort.Sort(QuickSort.java:54)
	at QuickSort.Sort(QuickSort.java:54)
	at QuickSort.Sort(QuickSort.java:54)
	at QuickSort.Sort(QuickSort.java:54)
	at QuickSort.Sort(QuickSort.java:54)
	at QuickSort.Sort(QuickSort.java:54)
	at QuickSort.Sort(QuickSort.java:54)
	at QuickSort.Sort(QuickSort.java:54)
	at QuickSort.Sort(QuickSort.java:54)
	at QuickSort.Sort(QuickSort.java:54)
	at QuickSort.Sort(QuickSort.java:54)
	at QuickSort.Sort(QuickSort.java:54)
	at QuickSort.Sort(QuickSort.java:54)
	at QuickSort.Sort(QuickSort.java:54)
	at QuickSort.Sort(QuickSort.java:54)
	at QuickSort.Sort(QuickSort.java:54)
	at QuickSort.Sort(QuickSort.java:54)
	at QuickSort.Sort(QuickSort.java:54)
	at QuickSort.Sort(QuickSort.java:54)
	at QuickSort.Sort(QuickSort.java:54)
	at QuickSort.Sort(QuickSort.java:54)
	at QuickSort.Sort(QuickSort.java:54)
	at QuickSort.Sort(QuickSort.java:54)
	at QuickSort.Sort(QuickSort.java:54)
	at QuickSort.Sort(QuickSort.java:54)
	at QuickSort.Sort(QuickSort.java:54)
	at QuickSort.Sort(QuickSort.java:54)
	at QuickSort.Sort(QuickSort.java:54)
	at QuickSort.Sort(QuickSort.java:54)
	at QuickSort.Sort(QuickSort.java:54)
	at QuickSort.Sort(QuickSort.java:54)
	at QuickSort.Sort(QuickSort.java:54)
	at QuickSort.Sort(QuickSort.java:54)
	at QuickSort.Sort(QuickSort.java:54)
	at QuickSort.Sort(QuickSort.java:54)
	at QuickSort.Sort(QuickSort.java:54)
	at QuickSort.Sort(QuickSort.java:54)
	at QuickSort.Sort(QuickSort.java:54)
	at QuickSort.Sort(QuickSort.java:54)
	at QuickSort.Sort(QuickSort.java:54)
	at QuickSort.Sort(QuickSort.java:54)
	at QuickSort.Sort(QuickSort.java:54)
	at QuickSort.Sort(QuickSort.java:54)
	at QuickSort.Sort(QuickSort.java:54)
	at QuickSort.Sort(QuickSort.java:54)
	at QuickSort.Sort(QuickSort.java:54)
	at QuickSort.Sort(QuickSort.java:54)
	at QuickSort.Sort(QuickSort.java:54)
	at QuickSort.Sort(QuickSort.java:54)
	at QuickSort.Sort(QuickSort.java:54)
	at QuickSort.Sort(QuickSort.java:54)
	at QuickSort.Sort(QuickSort.java:54)
	at QuickSort.Sort(QuickSort.java:54)
	at QuickSort.Sort(QuickSort.java:54)
	at QuickSort.Sort(QuickSort.java:54)
	at QuickSort.Sort(QuickSort.java:54)
	at QuickSort.Sort(QuickSort.java:54)
	at QuickSort.Sort(QuickSort.java:54)
	at QuickSort.Sort(QuickSort.java:54)
	at QuickSort.Sort(QuickSort.java:54)
	at QuickSort.Sort(QuickSort.java:54)
	at QuickSort.Sort(QuickSort.java:54)
	at QuickSort.Sort(QuickSort.java:54)
	at QuickSort.Sort(QuickSort.java:54)
	at QuickSort.Sort(QuickSort.java:54)
	at QuickSort.Sort(QuickSort.java:54)
	at QuickSort.Sort(QuickSort.java:54)
	at QuickSort.Sort(QuickSort.java:54)
	at QuickSort.Sort(QuickSort.java:54)
	at QuickSort.Sort(QuickSort.java:54)
	at QuickSort.Sort(QuickSort.java:54)
	at QuickSort.Sort(QuickSort.java:54)
	at QuickSort.Sort(QuickSort.java:54)
	at QuickSort.Sort(QuickSort.java:54)
	at QuickSort.Sort(QuickSort.java:54)
	at QuickSort.Sort(QuickSort.java:54)
	at QuickSort.Sort(QuickSort.java:54)
	at QuickSort.Sort(QuickSort.java:54)
	at QuickSort.Sort(QuickSort.java:54)
	at QuickSort.Sort(QuickSort.java:54)
	at QuickSort.Sort(QuickSort.java:54)
	at QuickSort.Sort(QuickSort.java:54)
	at QuickSort.Sort(QuickSort.java:54)
	at QuickSort.Sort(QuickSort.java:54)
	at QuickSort.Sort(QuickSort.java:54)
	at QuickSort.Sort(QuickSort.java:54)
	at QuickSort.Sort(QuickSort.java:54)
	at QuickSort.Sort(QuickSort.java:54)
	at QuickSort.Sort(QuickSort.java:54)
	at QuickSort.Sort(QuickSort.java:54)
	at QuickSort.Sort(QuickSort.java:54)
	at QuickSort.Sort(QuickSort.java:54)
	at QuickSort.Sort(QuickSort.java:54)
	at QuickSort.Sort(QuickSort.java:54)
	at QuickSort.Sort(QuickSort.java:54)
	at QuickSort.Sort(QuickSort.java:54)
	at QuickSort.Sort(QuickSort.java:54)
	at QuickSort.Sort(QuickSort.java:54)
	at QuickSort.Sort(QuickSort.java:54)
	at QuickSort.Sort(QuickSort.java:54)
	at QuickSort.Sort(QuickSort.java:54)
	at QuickSort.Sort(QuickSort.java:54)
	at QuickSort.Sort(QuickSort.java:54)
	at QuickSort.Sort(QuickSort.java:54)
	at QuickSort.Sort(QuickSort.java:54)
	at QuickSort.Sort(QuickSort.java:54)
	at QuickSort.Sort(QuickSort.java:54)
	at QuickSort.Sort(QuickSort.java:54)
	at QuickSort.Sort(QuickSort.java:54)
	at QuickSort.Sort(QuickSort.java:54)
	at QuickSort.Sort(QuickSort.java:54)
	at QuickSort.Sort(QuickSort.java:54)
	at QuickSort.Sort(QuickSort.java:54)
	at QuickSort.Sort(QuickSort.java:54)
	at QuickSort.Sort(QuickSort.java:54)
	at QuickSort.Sort(QuickSort.java:54)
	at QuickSort.Sort(QuickSort.java:54)
	at QuickSort.Sort(QuickSort.java:54)
	at QuickSort.Sort(QuickSort.java:54)
	at QuickSort.Sort(QuickSort.java:54)
	at QuickSort.Sort(QuickSort.java:54)
	at QuickSort.Sort(QuickSort.java:54)
	at QuickSort.Sort(QuickSort.java:54)
	at QuickSort.Sort(QuickSort.java:54)
	at QuickSort.Sort(QuickSort.java:54)
	at QuickSort.Sort(QuickSort.java:54)
	at QuickSort.Sort(QuickSort.java:54)
	at QuickSort.Sort(QuickSort.java:54)
	at QuickSort.Sort(QuickSort.java:54)
	at QuickSort.Sort(QuickSort.java:54)
	at QuickSort.Sort(QuickSort.java:54)
	at QuickSort.Sort(QuickSort.java:54)
	at QuickSort.Sort(QuickSort.java:54)
	at QuickSort.Sort(QuickSort.java:54)
	at QuickSort.Sort(QuickSort.java:54)
	at QuickSort.Sort(QuickSort.java:54)
	at QuickSort.Sort(QuickSort.java:54)
	at QuickSort.Sort(QuickSort.java:54)
	at QuickSort.Sort(QuickSort.java:54)
	at QuickSort.Sort(QuickSort.java:54)
	at QuickSort.Sort(QuickSort.java:54)
	at QuickSort.Sort(QuickSort.java:54)
	at QuickSort.Sort(QuickSort.java:54)
	at QuickSort.Sort(QuickSort.java:54)
	at QuickSort.Sort(QuickSort.java:54)
	at QuickSort.Sort(QuickSort.java:54)
	at QuickSort.Sort(QuickSort.java:54)
	at QuickSort.Sort(QuickSort.java:54)
	at QuickSort.Sort(QuickSort.java:54)
	at QuickSort.Sort(QuickSort.java:54)
	at QuickSort.Sort(QuickSort.java:54)
	at QuickSort.Sort(QuickSort.java:54)
	at QuickSort.Sort(QuickSort.java:54)
	at QuickSort.Sort(QuickSort.java:54)
	at QuickSort.Sort(QuickSort.java:54)
	at QuickSort.Sort(QuickSort.java:54)
	at QuickSort.Sort(QuickSort.java:54)
	at QuickSort.Sort(QuickSort.java:54)
	at QuickSort.Sort(QuickSort.java:54)
	at QuickSort.Sort(QuickSort.java:54)
	at QuickSort.Sort(QuickSort.java:54)
	at QuickSort.Sort(QuickSort.java:54)
	at QuickSort.Sort(QuickSort.java:54)
	at QuickSort.Sort(QuickSort.java:54)
	at QuickSort.Sort(QuickSort.java:54)
	at QuickSort.Sort(QuickSort.java:54)
	at QuickSort.Sort(QuickSort.java:54)
	at QuickSort.Sort(QuickSort.java:54)
	at QuickSort.Sort(QuickSort.java:54)
	at QuickSort.Sort(QuickSort.java:54)
	at QuickSort.Sort(QuickSort.java:54)
	at QuickSort.Sort(QuickSort.java:54)
	at QuickSort.Sort(QuickSort.java:54)
	at QuickSort.Sort(QuickSort.java:54)
	at QuickSort.Sort(QuickSort.java:54)
	at QuickSort.Sort(QuickSort.java:54)
	at QuickSort.Sort(QuickSort.java:54)
	at QuickSort.Sort(QuickSort.java:54)
	at QuickSort.Sort(QuickSort.java:54)
	at QuickSort.Sort(QuickSort.java:54)
	at QuickSort.Sort(QuickSort.java:54)
	at QuickSort.Sort(QuickSort.java:54)
	at QuickSort.Sort(QuickSort.java:54)
	at QuickSort.Sort(QuickSort.java:54)
	at QuickSort.Sort(QuickSort.java:54)
	at QuickSort.Sort(QuickSort.java:54)
	at QuickSort.Sort(QuickSort.java:54)
	at QuickSort.Sort(QuickSort.java:54)
	at QuickSort.Sort(QuickSort.java:54)
	at QuickSort.Sort(QuickSort.java:54)
	at QuickSort.Sort(QuickSort.java:54)
	at QuickSort.Sort(QuickSort.java:54)
	at QuickSort.Sort(QuickSort.java:54)
	at QuickSort.Sort(QuickSort.java:54)
	at QuickSort.Sort(QuickSort.java:54)
	at QuickSort.Sort(QuickSort.java:54)
	at QuickSort.Sort(QuickSort.java:54)
	at QuickSort.Sort(QuickSort.java:54)
	at QuickSort.Sort(QuickSort.java:54)
	at QuickSort.Sort(QuickSort.java:54)
	at QuickSort.Sort(QuickSort.java:54)
	at QuickSort.Sort(QuickSort.java:54)
	at QuickSort.Sort(QuickSort.java:54)
	at QuickSort.Sort(QuickSort.java:54)
	at QuickSort.Sort(QuickSort.java:54)
	at QuickSort.Sort(QuickSort.java:54)
	at QuickSort.Sort(QuickSort.java:54)
	at QuickSort.Sort(QuickSort.java:54)
	at QuickSort.Sort(QuickSort.java:54)
	at QuickSort.Sort(QuickSort.java:54)
	at QuickSort.Sort(QuickSort.java:54)
	at QuickSort.Sort(QuickSort.java:54)
	at QuickSort.Sort(QuickSort.java:54)
	at QuickSort.Sort(QuickSort.java:54)
	at QuickSort.Sort(QuickSort.java:54)
	at QuickSort.Sort(QuickSort.java:54)
	at QuickSort.Sort(QuickSort.java:54)
	at QuickSort.Sort(QuickSort.java:54)
	at QuickSort.Sort(QuickSort.java:54)
	at QuickSort.Sort(QuickSort.java:54)
	at QuickSort.Sort(QuickSort.java:54)
	at QuickSort.Sort(QuickSort.java:54)
	at QuickSort.Sort(QuickSort.java:54)
	at QuickSort.Sort(QuickSort.java:54)
	at QuickSort.Sort(QuickSort.java:54)
	at QuickSort.Sort(QuickSort.java:54)
	at QuickSort.Sort(QuickSort.java:54)
	at QuickSort.Sort(QuickSort.java:54)
	at QuickSort.Sort(QuickSort.java:54)
	at QuickSort.Sort(QuickSort.java:54)
	at QuickSort.Sort(QuickSort.java:54)
	at QuickSort.Sort(QuickSort.java:54)
	at QuickSort.Sort(QuickSort.java:54)
	at QuickSort.Sort(QuickSort.java:54)
	at QuickSort.Sort(QuickSort.java:54)
	at QuickSort.Sort(QuickSort.java:54)
	at QuickSort.Sort(QuickSort.java:54)
	at QuickSort.Sort(QuickSort.java:54)
	at QuickSort.Sort(QuickSort.java:54)
	at QuickSort.Sort(QuickSort.java:54)
	at QuickSort.Sort(QuickSort.java:54)
	at QuickSort.Sort(QuickSort.java:54)
	at QuickSort.Sort(QuickSort.java:54)
	at QuickSort.Sort(QuickSort.java:54)
	at QuickSort.Sort(QuickSort.java:54)
	at QuickSort.Sort(QuickSort.java:54)
	at QuickSort.Sort(QuickSort.java:54)
	at QuickSort.Sort(QuickSort.java:54)
	at QuickSort.Sort(QuickSort.java:54)
	at QuickSort.Sort(QuickSort.java:54)
	at QuickSort.Sort(QuickSort.java:54)
	at QuickSort.Sort(QuickSort.java:54)
	at QuickSort.Sort(QuickSort.java:54)
	at QuickSort.Sort(QuickSort.java:54)
	at QuickSort.Sort(QuickSort.java:54)
	at QuickSort.Sort(QuickSort.java:54)
	at QuickSort.Sort(QuickSort.java:54)
	at QuickSort.Sort(QuickSort.java:54)
	at QuickSort.Sort(QuickSort.java:54)
	at QuickSort.Sort(QuickSort.java:54)
	at QuickSort.Sort(QuickSort.java:54)
	at QuickSort.Sort(QuickSort.java:54)
	at QuickSort.Sort(QuickSort.java:54)
	at QuickSort.Sort(QuickSort.java:54)
	at QuickSort.Sort(QuickSort.java:54)
	at QuickSort.Sort(QuickSort.java:54)
	at QuickSort.Sort(QuickSort.java:54)
	at QuickSort.Sort(QuickSort.java:54)
	at QuickSort.Sort(QuickSort.java:54)
	at QuickSort.Sort(QuickSort.java:54)
	at QuickSort.Sort(QuickSort.java:54)
	at QuickSort.Sort(QuickSort.java:54)
	at QuickSort.Sort(QuickSort.java:54)
	at QuickSort.Sort(QuickSort.java:54)
	at QuickSort.Sort(QuickSort.java:54)
	at QuickSort.Sort(QuickSort.java:54)
	at QuickSort.Sort(QuickSort.java:54)
	at QuickSort.Sort(QuickSort.java:54)
	at QuickSort.Sort(QuickSort.java:54)
	at QuickSort.Sort(QuickSort.java:54)
	at QuickSort.Sort(QuickSort.java:54)
	at QuickSort.Sort(QuickSort.java:54)
	at QuickSort.Sort(QuickSort.java:54)
	at QuickSort.Sort(QuickSort.java:54)
	at QuickSort.Sort(QuickSort.java:54)
	at QuickSort.Sort(QuickSort.java:54)
	at QuickSort.Sort(QuickSort.java:54)
	at QuickSort.Sort(QuickSort.java:54)
	at QuickSort.Sort(QuickSort.java:54)
	at QuickSort.Sort(QuickSort.java:54)
	at QuickSort.Sort(QuickSort.java:54)
	at QuickSort.Sort(QuickSort.java:54)
	at QuickSort.Sort(QuickSort.java:54)
	at QuickSort.Sort(QuickSort.java:54)
	at QuickSort.Sort(QuickSort.java:54)
	at QuickSort.Sort(QuickSort.java:54)
	at QuickSort.Sort(QuickSort.java:54)
	at QuickSort.Sort(QuickSort.java:54)
	at QuickSort.Sort(QuickSort.java:54)
	at QuickSort.Sort(QuickSort.java:54)
	at QuickSort.Sort(QuickSort.java:54)
	at QuickSort.Sort(QuickSort.java:54)
	at QuickSort.Sort(QuickSort.java:54)
	at QuickSort.Sort(QuickSort.java:54)
	at QuickSort.Sort(QuickSort.java:54)
	at QuickSort.Sort(QuickSort.java:54)
	at QuickSort.Sort(QuickSort.java:54)
	at QuickSort.Sort(QuickSort.java:54)
	at QuickSort.Sort(QuickSort.java:54)
	at QuickSort.Sort(QuickSort.java:54)
	at QuickSort.Sort(QuickSort.java:54)
	at QuickSort.Sort(QuickSort.java:54)
	at QuickSort.Sort(QuickSort.java:54)
	at QuickSort.Sort(QuickSort.java:54)
	at QuickSort.Sort(QuickSort.java:54)
	at QuickSort.Sort(QuickSort.java:54)
	at QuickSort.Sort(QuickSort.java:54)
	at QuickSort.Sort(QuickSort.java:54)
	at QuickSort.Sort(QuickSort.java:54)
	at QuickSort.Sort(QuickSort.java:54)
	at QuickSort.Sort(QuickSort.java:54)
	at QuickSort.Sort(QuickSort.java:54)
	at QuickSort.Sort(QuickSort.java:54)
	at QuickSort.Sort(QuickSort.java:54)
	at QuickSort.Sort(QuickSort.java:54)
	at QuickSort.Sort(QuickSort.java:54)
	at QuickSort.Sort(QuickSort.java:54)
	at QuickSort.Sort(QuickSort.java:54)
	at QuickSort.Sort(QuickSort.java:54)
	at QuickSort.Sort(QuickSort.java:54)
	at QuickSort.Sort(QuickSort.java:54)
	at QuickSort.Sort(QuickSort.java:54)
	at QuickSort.Sort(QuickSort.java:54)
	at QuickSort.Sort(QuickSort.java:54)
	at QuickSort.Sort(QuickSort.java:54)
	at QuickSort.Sort(QuickSort.java:54)
	at QuickSort.Sort(QuickSort.java:54)
	at QuickSort.Sort(QuickSort.java:54)
	at QuickSort.Sort(QuickSort.java:54)
	at QuickSort.Sort(QuickSort.java:54)
	at QuickSort.Sort(QuickSort.java:54)
	at QuickSort.Sort(QuickSort.java:54)
	at QuickSort.Sort(QuickSort.java:54)
	at QuickSort.Sort(QuickSort.java:54)
	at QuickSort.Sort(QuickSort.java:54)
	at QuickSort.Sort(QuickSort.java:54)
	at QuickSort.Sort(QuickSort.java:54)
	at QuickSort.Sort(QuickSort.java:54)
	at QuickSort.Sort(QuickSort.java:54)
	at QuickSort.Sort(QuickSort.java:54)
	at QuickSort.Sort(QuickSort.java:54)
	at QuickSort.Sort(QuickSort.java:54)
	at QuickSort.Sort(QuickSort.java:54)
	at QuickSort.Sort(QuickSort.java:54)
	at QuickSort.Sort(QuickSort.java:54)
	at QuickSort.Sort(QuickSort.java:54)
	at QuickSort.Sort(QuickSort.java:54)
	at QuickSort.Sort(QuickSort.java:54)
	at QuickSort.Sort(QuickSort.java:54)
	at QuickSort.Sort(QuickSort.java:54)
	at QuickSort.Sort(QuickSort.java:54)
	at QuickSort.Sort(QuickSort.java:54)
	at QuickSort.Sort(QuickSort.java:54)
	at QuickSort.Sort(QuickSort.java:54)
	at QuickSort.Sort(QuickSort.java:54)
	at QuickSort.Sort(QuickSort.java:54)
	at QuickSort.Sort(QuickSort.java:54)
	at QuickSort.Sort(QuickSort.java:54)
	at QuickSort.Sort(QuickSort.java:54)
	at QuickSort.Sort(QuickSort.java:54)
	at QuickSort.Sort(QuickSort.java:54)
	at QuickSort.Sort(QuickSort.java:54)
	at QuickSort.Sort(QuickSort.java:54)
	at QuickSort.Sort(QuickSort.java:54)
	at QuickSort.Sort(QuickSort.java:54)
	at QuickSort.Sort(QuickSort.java:54)
	at QuickSort.Sort(QuickSort.java:54)
	at QuickSort.Sort(QuickSort.java:54)
	at QuickSort.Sort(QuickSort.java:54)
	at QuickSort.Sort(QuickSort.java:54)
	at QuickSort.Sort(QuickSort.java:54)
	at QuickSort.Sort(QuickSort.java:54)
	at QuickSort.Sort(QuickSort.java:54)
	at QuickSort.Sort(QuickSort.java:54)
	at QuickSort.Sort(QuickSort.java:54)
	at QuickSort.Sort(QuickSort.java:54)
	at QuickSort.Sort(QuickSort.java:54)
	at QuickSort.Sort(QuickSort.java:54)
	at QuickSort.Sort(QuickSort.java:54)
	at QuickSort.Sort(QuickSort.java:54)
	at QuickSort.Sort(QuickSort.java:54)
	at QuickSort.Sort(QuickSort.java:54)
	at QuickSort.Sort(QuickSort.java:54)
	at QuickSort.Sort(QuickSort.java:54)
	at QuickSort.Sort(QuickSort.java:54)
	at QuickSort.Sort(QuickSort.java:54)
	at QuickSort.Sort(QuickSort.java:54)
	at QuickSort.Sort(QuickSort.java:54)
	at QuickSort.Sort(QuickSort.java:54)
	at QuickSort.Sort(QuickSort.java:54)
	at QuickSort.Sort(QuickSort.java:54)
	at QuickSort.Sort(QuickSort.java:54)
	at QuickSort.Sort(QuickSort.java:54)
	at QuickSort.Sort(QuickSort.java:54)
	at QuickSort.Sort(QuickSort.java:54)
	at QuickSort.Sort(QuickSort.java:54)
	at QuickSort.Sort(QuickSort.java:54)
	at QuickSort.Sort(QuickSort.java:54)
	at QuickSort.Sort(QuickSort.java:54)
	at QuickSort.Sort(QuickSort.java:54)
	at QuickSort.Sort(QuickSort.java:54)
	at QuickSort.Sort(QuickSort.java:54)
	at QuickSort.Sort(QuickSort.java:54)
	at QuickSort.Sort(QuickSort.java:54)
	at QuickSort.Sort(QuickSort.java:54)
	at QuickSort.Sort(QuickSort.java:54)
	at QuickSort.Sort(QuickSort.java:54)
	at QuickSort.Sort(QuickSort.java:54)
	at QuickSort.Sort(QuickSort.java:54)
	at QuickSort.Sort(QuickSort.java:54)
	at QuickSort.Sort(QuickSort.java:54)
	at QuickSort.Sort(QuickSort.java:54)
	at QuickSort.Sort(QuickSort.java:54)
	at QuickSort.Sort(QuickSort.java:54)
	at QuickSort.Sort(QuickSort.java:54)
	at QuickSort.Sort(QuickSort.java:54)
	at QuickSort.Sort(QuickSort.java:54)
	at QuickSort.Sort(QuickSort.java:54)
	at QuickSort.Sort(QuickSort.java:54)
	at QuickSort.Sort(QuickSort.java:54)
	at QuickSort.Sort(QuickSort.java:54)
	at QuickSort.Sort(QuickSort.java:54)
	at QuickSort.Sort(QuickSort.java:54)
	at QuickSort.Sort(QuickSort.java:54)
	at QuickSort.Sort(QuickSort.java:54)
	at QuickSort.Sort(QuickSort.java:54)
	at QuickSort.Sort(QuickSort.java:54)
	at QuickSort.Sort(QuickSort.java:54)
	at QuickSort.Sort(QuickSort.java:54)
	at QuickSort.Sort(QuickSort.java:54)
	at QuickSort.Sort(QuickSort.java:54)
	at QuickSort.Sort(QuickSort.java:54)
	at QuickSort.Sort(QuickSort.java:54)
	at QuickSort.Sort(QuickSort.java:54)
	at QuickSort.Sort(QuickSort.java:54)
	at QuickSort.Sort(QuickSort.java:54)
	at QuickSort.Sort(QuickSort.java:54)
	at QuickSort.Sort(QuickSort.java:54)
	at QuickSort.Sort(QuickSort.java:54)
	at QuickSort.Sort(QuickSort.java:54)
	at QuickSort.Sort(QuickSort.java:54)
	at QuickSort.Sort(QuickSort.java:54)
	at QuickSort.Sort(QuickSort.java:54)
	at QuickSort.Sort(QuickSort.java:54)
	at QuickSort.Sort(QuickSort.java:54)
	at QuickSort.Sort(QuickSort.java:54)
	at QuickSort.Sort(QuickSort.java:54)
	at QuickSort.Sort(QuickSort.java:54)
	at QuickSort.Sort(QuickSort.java:54)
	at QuickSort.Sort(QuickSort.java:54)
	at QuickSort.Sort(QuickSort.java:54)
	at QuickSort.Sort(QuickSort.java:54)
	at QuickSort.Sort(QuickSort.java:54)
	at QuickSort.Sort(QuickSort.java:54)
	at QuickSort.Sort(QuickSort.java:54)
	at QuickSort.Sort(QuickSort.java:54)
	at QuickSort.Sort(QuickSort.java:54)
	at QuickSort.Sort(QuickSort.java:54)
	at QuickSort.Sort(QuickSort.java:54)
	at QuickSort.Sort(QuickSort.java:54)
	at QuickSort.Sort(QuickSort.java:54)
	at QuickSort.Sort(QuickSort.java:54)
	at QuickSort.Sort(QuickSort.java:54)
	at QuickSort.Sort(QuickSort.java:54)
	at QuickSort.Sort(QuickSort.java:54)
	at QuickSort.Sort(QuickSort.java:54)
	at QuickSort.Sort(QuickSort.java:54)
	at QuickSort.Sort(QuickSort.java:54)
	at QuickSort.Sort(QuickSort.java:54)
	at QuickSort.Sort(QuickSort.java:54)
	at QuickSort.Sort(QuickSort.java:54)
	at QuickSort.Sort(QuickSort.java:54)
	at QuickSort.Sort(QuickSort.java:54)
	at QuickSort.Sort(QuickSort.java:54)
	at QuickSort.Sort(QuickSort.java:54)
	at QuickSort.Sort(QuickSort.java:54)
	at QuickSort.Sort(QuickSort.java:54)
	at QuickSort.Sort(QuickSort.java:54)
	at QuickSort.Sort(QuickSort.java:54)
	at QuickSort.Sort(QuickSort.java:54)
	at QuickSort.Sort(QuickSort.java:54)
	at QuickSort.Sort(QuickSort.java:54)
	at QuickSort.Sort(QuickSort.java:54)
	at QuickSort.Sort(QuickSort.java:54)
	at QuickSort.Sort(QuickSort.java:54)
	at QuickSort.Sort(QuickSort.java:54)
	at QuickSort.Sort(QuickSort.java:54)
	at QuickSort.Sort(QuickSort.java:54)
	at QuickSort.Sort(QuickSort.java:54)
	at QuickSort.Sort(QuickSort.java:54)
	at QuickSort.Sort(QuickSort.java:54)
	at QuickSort.Sort(QuickSort.java:54)
	at QuickSort.Sort(QuickSort.java:54)
	at QuickSort.Sort(QuickSort.java:54)
	at QuickSort.Sort(QuickSort.java:54)
	at QuickSort.Sort(QuickSort.java:54)
	at QuickSort.Sort(QuickSort.java:54)
	at QuickSort.Sort(QuickSort.java:54)
	at QuickSort.Sort(QuickSort.java:54)
	at QuickSort.Sort(QuickSort.java:54)
	at QuickSort.Sort(QuickSort.java:54)
	at QuickSort.Sort(QuickSort.java:54)
	at QuickSort.Sort(QuickSort.java:54)
	at QuickSort.Sort(QuickSort.java:54)
	at QuickSort.Sort(QuickSort.java:54)
	at QuickSort.Sort(QuickSort.java:54)
	at QuickSort.Sort(QuickSort.java:54)
	at QuickSort.Sort(QuickSort.java:54)
	at QuickSort.Sort(QuickSort.java:54)
	at QuickSort.Sort(QuickSort.java:54)
	at QuickSort.Sort(QuickSort.java:54)
	at QuickSort.Sort(QuickSort.java:54)
	at QuickSort.Sort(QuickSort.java:54)
	at QuickSort.Sort(QuickSort.java:54)
	at QuickSort.Sort(QuickSort.java:54)
	at QuickSort.Sort(QuickSort.java:54)
	at QuickSort.Sort(QuickSort.java:54)
	at QuickSort.Sort(QuickSort.java:54)
	at QuickSort.Sort(QuickSort.java:54)
	at QuickSort.Sort(QuickSort.java:54)
	at QuickSort.Sort(QuickSort.java:54)
	at QuickSort.Sort(QuickSort.java:54)
	at QuickSort.Sort(QuickSort.java:54)
	at QuickSort.Sort(QuickSort.java:54)
	at QuickSort.Sort(QuickSort.java:54)
	at QuickSort.Sort(QuickSort.java:54)
	at QuickSort.Sort(QuickSort.java:54)
	at QuickSort.Sort(QuickSort.java:54)
	at QuickSort.Sort(QuickSort.java:54)
	at QuickSort.Sort(QuickSort.java:54)
	at QuickSort.Sort(QuickSort.java:54)
	at QuickSort.Sort(QuickSort.java:54)
	at QuickSort.Sort(QuickSort.java:54)
	at QuickSort.Sort(QuickSort.java:54)
	at QuickSort.Sort(QuickSort.java:54)
	at QuickSort.Sort(QuickSort.java:54)
	at QuickSort.Sort(QuickSort.java:54)
	at QuickSort.Sort(QuickSort.java:54)
	at QuickSort.Sort(QuickSort.java:54)
	at QuickSort.Sort(QuickSort.java:54)
	at QuickSort.Sort(QuickSort.java:54)
	at QuickSort.Sort(QuickSort.java:54)
	at QuickSort.Sort(QuickSort.java:54)
	at QuickSort.Sort(QuickSort.java:54)
	at QuickSort.Sort(QuickSort.java:54)
	at QuickSort.Sort(QuickSort.java:54)
	at QuickSort.Sort(QuickSort.java:54)
	at QuickSort.Sort(QuickSort.java:54)
	at QuickSort.Sort(QuickSort.java:54)
	at QuickSort.Sort(QuickSort.java:54)
	at QuickSort.Sort(QuickSort.java:54)
	at QuickSort.Sort(QuickSort.java:54)
	at QuickSort.Sort(QuickSort.java:54)
	at QuickSort.Sort(QuickSort.java:54)
	at QuickSort.Sort(QuickSort.java:54)
	at QuickSort.Sort(QuickSort.java:54)
	at QuickSort.Sort(QuickSort.java:54)
	at QuickSort.Sort(QuickSort.java:54)
	at QuickSort.Sort(QuickSort.java:54)
	at QuickSort.Sort(QuickSort.java:54)
	at QuickSort.Sort(QuickSort.java:54)
	at QuickSort.Sort(QuickSort.java:54)
	at QuickSort.Sort(QuickSort.java:54)
	at QuickSort.Sort(QuickSort.java:54)
	at QuickSort.Sort(QuickSort.java:54)
	at QuickSort.Sort(QuickSort.java:54)
	at QuickSort.Sort(QuickSort.java:54)
	at QuickSort.Sort(QuickSort.java:54)
	at QuickSort.Sort(QuickSort.java:54)
	at QuickSort.Sort(QuickSort.java:54)
	at QuickSort.Sort(QuickSort.java:54)
	at QuickSort.Sort(QuickSort.java:54)
	at QuickSort.Sort(QuickSort.java:54)
	at QuickSort.Sort(QuickSort.java:54)
	at QuickSort.Sort(QuickSort.java:54)
	at QuickSort.Sort(QuickSort.java:54)
	at QuickSort.Sort(QuickSort.java:54)
	at QuickSort.Sort(QuickSort.java:54)
	at QuickSort.Sort(QuickSort.java:54)
	at QuickSort.Sort(QuickSort.java:54)
	at QuickSort.Sort(QuickSort.java:54)
	at QuickSort.Sort(QuickSort.java:54)
	at QuickSort.Sort(QuickSort.java:54)
	at QuickSort.Sort(QuickSort.java:54)
	at QuickSort.Sort(QuickSort.java:54)
	at QuickSort.Sort(QuickSort.java:54)
	at QuickSort.Sort(QuickSort.java:54)
	at QuickSort.Sort(QuickSort.java:54)
	at QuickSort.Sort(QuickSort.java:54)
	at QuickSort.Sort(QuickSort.java:54)
	at QuickSort.Sort(QuickSort.java:54)
	at QuickSort.Sort(QuickSort.java:54)
	at QuickSort.Sort(QuickSort.java:54)
	at QuickSort.Sort(QuickSort.java:54)
	at QuickSort.Sort(QuickSort.java:54)
	at QuickSort.Sort(QuickSort.java:54)
	at QuickSort.Sort(QuickSort.java:54)
	at QuickSort.Sort(QuickSort.java:54)
	at QuickSort.Sort(QuickSort.java:54)
	at QuickSort.Sort(QuickSort.java:54)
	at QuickSort.Sort(QuickSort.java:54)
	at QuickSort.Sort(QuickSort.java:54)
	at QuickSort.Sort(QuickSort.java:54)
	at QuickSort.Sort(QuickSort.java:54)
	at QuickSort.Sort(QuickSort.java:54)
	at QuickSort.Sort(QuickSort.java:54)
	at QuickSort.Sort(QuickSort.java:54)
	at QuickSort.Sort(QuickSort.java:54)
	at QuickSort.Sort(QuickSort.java:54)
	at QuickSort.Sort(QuickSort.java:54)
	at QuickSort.Sort(QuickSort.java:54)
	at QuickSort.Sort(QuickSort.java:54)
	at QuickSort.Sort(QuickSort.java:54)
	at QuickSort.Sort(QuickSort.java:54)
	at QuickSort.Sort(QuickSort.java:54)
	at QuickSort.Sort(QuickSort.java:54)
	at QuickSort.Sort(QuickSort.java:54)
	at QuickSort.Sort(QuickSort.java:54)
	at QuickSort.Sort(QuickSort.java:54)
	at QuickSort.Sort(QuickSort.java:54)
	at QuickSort.Sort(QuickSort.java:54)
	at QuickSort.Sort(QuickSort.java:54)
	at QuickSort.Sort(QuickSort.java:54)
	at QuickSort.Sort(QuickSort.java:54)
	at QuickSort.Sort(QuickSort.java:54)
	at QuickSort.Sort(QuickSort.java:54)
	at QuickSort.Sort(QuickSort.java:54)
	at QuickSort.Sort(QuickSort.java:54)
	at QuickSort.Sort(QuickSort.java:54)
	at QuickSort.Sort(QuickSort.java:54)
	at QuickSort.Sort(QuickSort.java:54)
	at QuickSort.Sort(QuickSort.java:54)
	at QuickSort.Sort(QuickSort.java:54)
	at QuickSort.Sort(QuickSort.java:54)
	at QuickSort.Sort(QuickSort.java:54)
	at QuickSort.Sort(QuickSort.java:54)
	at QuickSort.Sort(QuickSort.java:54)
	at QuickSort.Sort(QuickSort.java:54)
	at QuickSort.Sort(QuickSort.java:54)
	at QuickSort.Sort(QuickSort.java:54)
	at QuickSort.Sort(QuickSort.java:54)
	at QuickSort.Sort(QuickSort.java:54)
	at QuickSort.Sort(QuickSort.java:54)
	at QuickSort.Sort(QuickSort.java:54)
	at QuickSort.Sort(QuickSort.java:54)
	at QuickSort.Sort(QuickSort.java:54)
	at QuickSort.Sort(QuickSort.java:54)
	at QuickSort.Sort(QuickSort.java:54)
	at QuickSort.Sort(QuickSort.java:54)
	at QuickSort.Sort(QuickSort.java:54)
	at QuickSort.Sort(QuickSort.java:54)
	at QuickSort.Sort(QuickSort.java:54)
	at QuickSort.Sort(QuickSort.java:54)
	at QuickSort.Sort(QuickSort.java:54)
	at QuickSort.Sort(QuickSort.java:54)
	at QuickSort.Sort(QuickSort.java:54)
	at QuickSort.Sort(QuickSort.java:54)
	at QuickSort.Sort(QuickSort.java:54)
	at QuickSort.Sort(QuickSort.java:54)
	at QuickSort.Sort(QuickSort.java:54)
	at QuickSort.Sort(QuickSort.java:54)
	at QuickSort.Sort(QuickSort.java:54)
	at QuickSort.Sort(QuickSort.java:54)
	at QuickSort.Sort(QuickSort.java:54)
	at QuickSort.Sort(QuickSort.java:54)
	at QuickSort.Sort(QuickSort.java:54)
	at QuickSort.Sort(QuickSort.java:54)
	at QuickSort.Sort(QuickSort.java:54)
	at QuickSort.Sort(QuickSort.java:54)
	at QuickSort.Sort(QuickSort.java:54)
	at QuickSort.Sort(QuickSort.java:54)
	at QuickSort.Sort(QuickSort.java:54)
	at QuickSort.Sort(QuickSort.java:54)
	at QuickSort.Sort(QuickSort.java:54)
	at QuickSort.Sort(QuickSort.java:54)
	at QuickSort.Sort(QuickSort.java:54)
	at QuickSort.Sort(QuickSort.java:54)
	at QuickSort.Sort(QuickSort.java:54)
	at QuickSort.Sort(QuickSort.java:54)
	at QuickSort.Sort(QuickSort.java:54)
	at QuickSort.Sort(QuickSort.java:54)
	at QuickSort.Sort(QuickSort.java:54)
	at QuickSort.Sort(QuickSort.java:54)
	at QuickSort.Sort(QuickSort.java:54)
	at QuickSort.Sort(QuickSort.java:54)
	at QuickSort.Sort(QuickSort.java:54)
	at QuickSort.Sort(QuickSort.java:54)
	at QuickSort.Sort(QuickSort.java:54)
	at QuickSort.Sort(QuickSort.java:54)
	at QuickSort.Sort(QuickSort.java:54)
	at QuickSort.Sort(QuickSort.java:54)
	at QuickSort.Sort(QuickSort.java:54)
	at QuickSort.Sort(QuickSort.java:54)
	at QuickSort.Sort(QuickSort.java:54)
	at QuickSort.Sort(QuickSort.java:54)
	at QuickSort.Sort(QuickSort.java:54)
	at QuickSort.Sort(QuickSort.java:54)
	at QuickSort.Sort(QuickSort.java:54)
	at QuickSort.Sort(QuickSort.java:54)
	at QuickSort.Sort(QuickSort.java:54)
	at QuickSort.Sort(QuickSort.java:54)
	at QuickSort.Sort(QuickSort.java:54)
	at QuickSort.Sort(QuickSort.java:54)
	at QuickSort.Sort(QuickSort.java:54)
	at QuickSort.Sort(QuickSort.java:54)
	at QuickSort.Sort(QuickSort.java:54)
	at QuickSort.Sort(QuickSort.java:54)
	at QuickSort.Sort(QuickSort.java:54)
	at QuickSort.Sort(QuickSort.java:54)
	at QuickSort.Sort(QuickSort.java:54)
	at QuickSort.Sort(QuickSort.java:54)
	at QuickSort.Sort(QuickSort.java:54)
	at QuickSort.Sort(QuickSort.java:54)
	at QuickSort.Sort(QuickSort.java:54)
	at QuickSort.Sort(QuickSort.java:54)
	at QuickSort.Sort(QuickSort.java:54)
	at QuickSort.Sort(QuickSort.java:54)
	at QuickSort.Sort(QuickSort.java:54)
	at QuickSort.Sort(QuickSort.java:54)
	at QuickSort.Sort(QuickSort.java:54)
	at QuickSort.Sort(QuickSort.java:54)
	at QuickSort.Sort(QuickSort.java:54)
	at QuickSort.Sort(QuickSort.java:54)
	at QuickSort.Sort(QuickSort.java:54)
	at QuickSort.Sort(QuickSort.java:54)
	at QuickSort.Sort(QuickSort.java:54)
	at QuickSort.Sort(QuickSort.java:54)
	at QuickSort.Sort(QuickSort.java:54)
	at QuickSort.Sort(QuickSort.java:54)
	at QuickSort.Sort(QuickSort.java:54)
	at QuickSort.Sort(QuickSort.java:54)
	at QuickSort.Sort(QuickSort.java:54)
	at QuickSort.Sort(QuickSort.java:54)
	at QuickSort.Sort(QuickSort.java:54)
	at QuickSort.Sort(QuickSort.java:54)
	at QuickSort.Sort(QuickSort.java:54)
	at QuickSort.Sort(QuickSort.java:54)
	at QuickSort.Sort(QuickSort.java:54)
	at QuickSort.Sort(QuickSort.java:54)
	at QuickSort.Sort(QuickSort.java:54)
	at QuickSort.Sort(QuickSort.java:54)
	at QuickSort.Sort(QuickSort.java:54)
	at QuickSort.Sort(QuickSort.java:54)
	at QuickSort.Sort(QuickSort.java:54)
	at QuickSort.Sort(QuickSort.java:54)
	at QuickSort.Sort(QuickSort.java:54)
	at QuickSort.Sort(QuickSort.java:54)
	at QuickSort.Sort(QuickSort.java:54)
	at QuickSort.Sort(QuickSort.java:54)
	at QuickSort.Sort(QuickSort.java:54)
	at QuickSort.Sort(QuickSort.java:54)
	at QuickSort.Sort(QuickSort.java:54)
	at QuickSort.Sort(QuickSort.java:54)
	at QuickSort.Sort(QuickSort.java:54)
	at QuickSort.Sort(QuickSort.java:54)
	at QuickSort.Sort(QuickSort.java:54)
	at QuickSort.Sort(QuickSort.java:54)
	at QuickSort.Sort(QuickSort.java:54)
	at QuickSort.Sort(QuickSort.java:54)
	at QuickSort.Sort(QuickSort.java:54)
	at QuickSort.Sort(QuickSort.java:54)
	at QuickSort.Sort(QuickSort.java:54)
	at QuickSort.Sort(QuickSort.java:54)
	at QuickSort.Sort(QuickSort.java:54)
	at QuickSort.Sort(QuickSort.java:54)
	at QuickSort.Sort(QuickSort.java:54)
	at QuickSort.Sort(QuickSort.java:54)
	at QuickSort.Sort(QuickSort.java:54)
	at QuickSort.Sort(QuickSort.java:54)
	at QuickSort.Sort(QuickSort.java:54)
	at QuickSort.Sort(QuickSort.java:54)
	at QuickSort.Sort(QuickSort.java:54)
	at QuickSort.Sort(QuickSort.java:54)
	at QuickSort.Sort(QuickSort.java:54)
	at QuickSort.Sort(QuickSort.java:54)
	at QuickSort.Sort(QuickSort.java:54)
	at QuickSort.Sort(QuickSort.java:54)
	at QuickSort.Sort(QuickSort.java:54)
	at QuickSort.Sort(QuickSort.java:54)
	at QuickSort.Sort(QuickSort.java:54)
	at QuickSort.Sort(QuickSort.java:54)
	at QuickSort.Sort(QuickSort.java:54)
	at QuickSort.Sort(QuickSort.java:54)
	at QuickSort.Sort(QuickSort.java:54)
	at QuickSort.Sort(QuickSort.java:54)
	at QuickSort.Sort(QuickSort.java:54)
	at QuickSort.Sort(QuickSort.java:54)
	at QuickSort.Sort(QuickSort.java:54)
</error>
  </testcase>
  <system-out><![CDATA[]]></system-out>
  <system-err><![CDATA[Jan 16, 2014 9:59:32 PM QuickSortTest testRun
INFO: Starting Test: Test case #1: 
Jan 16, 2014 9:59:32 PM QuickSortTest testRun
INFO: Starting Test: Test case #2: 
Jan 16, 2014 9:59:32 PM QuickSortTest testRun
INFO: Starting Test: Test case #3: 
Jan 16, 2014 9:59:32 PM QuickSortTest testRun
INFO: Starting Test: Test case #4: 
Jan 16, 2014 9:59:32 PM QuickSortTest testRun
INFO: Starting Test: Test case #5: 
Jan 16, 2014 9:59:32 PM QuickSortTest testRun
INFO: Actual output: 
[1]
Jan 16, 2014 9:59:32 PM QuickSortTest testRun
INFO: Expected output: 
[1]
Jan 16, 2014 9:59:32 PM QuickSortTest testRun
INFO: Completed Test: Test case #5: 
Jan 16, 2014 9:59:32 PM QuickSortTest testRun
INFO: Starting Test: Test case #6: 
Jan 16, 2014 9:59:32 PM QuickSortTest testRun
INFO: Starting Test: Test case #7: 
]]></system-err>
</testsuite>
